Base path: '/home/kist/unity/2019.4.15f1/Editor/Data', plugins path '/home/kist/unity/2019.4.15f1/Editor/Data/PlaybackEngines'
Cmd: initializeCompiler
Cmd: initializeCompiler
Cmd: compileComputeKernel
  api=15 insize=12919 outsize=3880 ok=1
Cmd: compileComputeKernel
  api=15 insize=12919 outsize=4889 ok=1
Cmd: compileComputeKernel
  api=18 insize=12919 outsize=10551 ok=1
Cmd: compileComputeKernel
  api=15 insize=11985 outsize=4076 ok=1
Cmd: compileComputeKernel
  api=15 insize=11985 outsize=3404 ok=1
Cmd: compileComputeKernel
  api=18 insize=11985 outsize=6341 ok=1
Cmd: compileComputeKernel
  api=18 insize=11985 outsize=6927 ok=1
Cmd: compileComputeKernel
  api=18 insize=11985 outsize=7000 ok=1
Cmd: compileComputeKernel
  api=15 insize=17013 outsize=7116 ok=1
Cmd: compileComputeKernel
  api=18 insize=17013 outsize=13879 ok=1
Cmd: compileComputeKernel
  api=15 insize=74735 outsize=6695 ok=1
Cmd: compileComputeKernel
  api=15 insize=74735 outsize=3799 ok=1
Cmd: compileComputeKernel
  api=15 insize=74735 outsize=3090 ok=1
Cmd: compileComputeKernel
  api=15 insize=74735 outsize=3186 ok=1
Cmd: compileComputeKernel
  api=15 insize=74735 outsize=3132 ok=1
Cmd: compileComputeKernel
  api=15 insize=74735 outsize=3262 ok=1
Cmd: compileComputeKernel
  api=15 insize=74735 outsize=4280 ok=1
Cmd: compileComputeKernel
  api=15 insize=74735 outsize=4284 ok=1
Cmd: compileComputeKernel
  api=15 insize=74735 outsize=4321 ok=1
Cmd: compileComputeKernel
  api=15 insize=74735 outsize=7704 ok=1
Cmd: compileComputeKernel
  api=15 insize=74735 outsize=3198 ok=1
Cmd: compileComputeKernel
  api=15 insize=74735 outsize=2644 ok=1
Cmd: compileComputeKernel
  api=18 insize=74735 outsize=6761 ok=1
Cmd: compileComputeKernel
  api=18 insize=74735 outsize=9389 ok=1
Cmd: compileComputeKernel
  api=18 insize=74735 outsize=6563 ok=1
Cmd: compileComputeKernel
  api=18 insize=74735 outsize=7338 ok=1
Cmd: compileComputeKernel
  api=18 insize=74735 outsize=6429 ok=1
Cmd: compileComputeKernel
  api=18 insize=74735 outsize=6019 ok=1
Cmd: compileComputeKernel
  api=18 insize=74735 outsize=6195 ok=1
Cmd: compileComputeKernel
  api=18 insize=74735 outsize=8051 ok=1
Cmd: compileComputeKernel
  api=18 insize=74735 outsize=8059 ok=1
Cmd: compileComputeKernel
  api=18 insize=74735 outsize=6101 ok=1
Cmd: compileComputeKernel
  api=18 insize=74735 outsize=7322 ok=1
Cmd: compileComputeKernel
  api=18 insize=74735 outsize=6499 ok=1
Cmd: compileComputeKernel
  api=15 insize=73293 outsize=6305 ok=1
Cmd: compileComputeKernel
  api=18 insize=73293 outsize=4379 ok=1
Cmd: compileComputeKernel
  api=15 insize=57129 outsize=1499 ok=1
Cmd: compileComputeKernel
  api=15 insize=57129 outsize=1940 ok=1
Cmd: compileComputeKernel
  api=15 insize=57129 outsize=1918 ok=1
Cmd: compileComputeKernel
  api=15 insize=57129 outsize=2360 ok=1
Cmd: compileComputeKernel
  api=15 insize=57129 outsize=2899 ok=1
Cmd: compileComputeKernel
  api=15 insize=57129 outsize=1976 ok=1
Cmd: compileComputeKernel
  api=15 insize=57129 outsize=3124 ok=1
Cmd: compileComputeKernel
  api=15 insize=57129 outsize=3241 ok=1
Cmd: compileComputeKernel
  api=15 insize=57129 outsize=2998 ok=1
Cmd: compileComputeKernel
  api=15 insize=57129 outsize=3460 ok=1
Cmd: compileComputeKernel
  api=15 insize=57129 outsize=3711 ok=1
Cmd: compileComputeKernel
  api=15 insize=57129 outsize=2960 ok=1
Cmd: compileComputeKernel
  api=18 insize=57129 outsize=2286 ok=1
Cmd: compileComputeKernel
  api=18 insize=57129 outsize=3443 ok=1
Cmd: compileComputeKernel
  api=18 insize=57129 outsize=3382 ok=1
Cmd: compileComputeKernel
  api=18 insize=57129 outsize=3523 ok=1
Cmd: compileComputeKernel
  api=18 insize=57129 outsize=2847 ok=1
Cmd: compileComputeKernel
  api=18 insize=57129 outsize=3738 ok=1
Cmd: compileComputeKernel
  api=18 insize=57129 outsize=4766 ok=1
Cmd: compileComputeKernel
  api=18 insize=57129 outsize=7549 ok=1
Cmd: compileComputeKernel
  api=18 insize=57129 outsize=5842 ok=1
Cmd: compileComputeKernel
  api=18 insize=57129 outsize=6663 ok=1
Cmd: compileComputeKernel
  api=18 insize=57129 outsize=5898 ok=1
Cmd: compileComputeKernel
  api=18 insize=57129 outsize=7261 ok=1
Cmd: compileComputeKernel
  api=15 insize=79371 outsize=21093 ok=1
Cmd: compileComputeKernel
  api=15 insize=79371 outsize=71142 ok=1
Cmd: compileComputeKernel
  api=18 insize=79371 outsize=15213 ok=1
Cmd: compileComputeKernel
  api=15 insize=4442 outsize=3059 ok=1
Cmd: compileComputeKernel
  api=15 insize=1900 outsize=6780 ok=1

Quitting shader compiler process
