Base path: '/home/kist/Unity/Hub/Editor/2019.4.1f1/Editor/Data', plugins path '/home/kist/Unity/Hub/Editor/2019.4.1f1/Editor/Data/PlaybackEngines'
Cmd: initializeCompiler
Cmd: compileComputeKernel
  api=15 insize=12919 outsize=2607 ok=1
Cmd: compileComputeKernel
  api=15 insize=12919 outsize=5265 ok=1
Cmd: compileComputeKernel
  api=18 insize=12919 outsize=6650 ok=1
Cmd: compileComputeKernel
  api=18 insize=12919 outsize=7283 ok=1
Cmd: compileComputeKernel
  api=18 insize=12919 outsize=9807 ok=1
Cmd: compileComputeKernel
  api=15 insize=11985 outsize=3323 ok=1
Cmd: compileComputeKernel
  api=15 insize=11985 outsize=4076 ok=1
Cmd: compileComputeKernel
  api=15 insize=11985 outsize=3364 ok=1
Cmd: compileComputeKernel
  api=15 insize=11985 outsize=3404 ok=1
Cmd: compileComputeKernel
  api=18 insize=11985 outsize=6285 ok=1
Cmd: compileComputeKernel
  api=18 insize=11985 outsize=6800 ok=1
Cmd: compileComputeKernel
  api=18 insize=11985 outsize=6343 ok=1
Cmd: compileComputeKernel
  api=18 insize=11985 outsize=7000 ok=1
Cmd: compileComputeKernel
  api=15 insize=17013 outsize=4845 ok=1
Cmd: compileComputeKernel
  api=15 insize=17013 outsize=7325 ok=1
Cmd: compileComputeKernel
  api=18 insize=17013 outsize=8993 ok=1
Cmd: compileComputeKernel
  api=18 insize=17013 outsize=13191 ok=1
Cmd: compileComputeKernel
  api=15 insize=74735 outsize=6695 ok=1
Cmd: compileComputeKernel
  api=15 insize=74735 outsize=3662 ok=1
Cmd: compileComputeKernel
  api=15 insize=74735 outsize=5176 ok=1
Cmd: compileComputeKernel
  api=15 insize=74735 outsize=3768 ok=1
Cmd: compileComputeKernel
  api=15 insize=74735 outsize=3880 ok=1
Cmd: compileComputeKernel
  api=15 insize=74735 outsize=3134 ok=1
Cmd: compileComputeKernel
  api=15 insize=74735 outsize=3092 ok=1
Cmd: compileComputeKernel
  api=15 insize=74735 outsize=3653 ok=1
Cmd: compileComputeKernel
  api=15 insize=74735 outsize=3134 ok=1
Cmd: compileComputeKernel
  api=15 insize=74735 outsize=3422 ok=1
Cmd: compileComputeKernel
  api=15 insize=74735 outsize=3572 ok=1
Cmd: compileComputeKernel
  api=15 insize=74735 outsize=3877 ok=1
Cmd: compileComputeKernel
  api=15 insize=74735 outsize=3090 ok=1
Cmd: compileComputeKernel
  api=15 insize=74735 outsize=3121 ok=1
Cmd: compileComputeKernel
  api=15 insize=74735 outsize=4280 ok=1
Cmd: compileComputeKernel
  api=15 insize=74735 outsize=4284 ok=1
Cmd: compileComputeKernel
  api=15 insize=74735 outsize=4321 ok=1
Cmd: compileComputeKernel
  api=15 insize=74735 outsize=4570 ok=1
Cmd: compileComputeKernel
  api=15 insize=74735 outsize=3145 ok=1
Cmd: compileComputeKernel
  api=15 insize=74735 outsize=4888 ok=1
Cmd: compileComputeKernel
  api=15 insize=74735 outsize=3299 ok=1
Cmd: compileComputeKernel
  api=15 insize=74735 outsize=5613 ok=1
Cmd: compileComputeKernel
  api=15 insize=74735 outsize=3253 ok=1
Cmd: compileComputeKernel
  api=18 insize=74735 outsize=12306 ok=1
Cmd: compileComputeKernel
  api=18 insize=74735 outsize=6995 ok=1
Cmd: compileComputeKernel
  api=18 insize=74735 outsize=7170 ok=1
Cmd: compileComputeKernel
  api=18 insize=74735 outsize=7797 ok=1
Cmd: compileComputeKernel
  api=18 insize=74735 outsize=6563 ok=1
Cmd: compileComputeKernel
  api=18 insize=74735 outsize=6846 ok=1
Cmd: compileComputeKernel
  api=18 insize=74735 outsize=5957 ok=1
Cmd: compileComputeKernel
  api=18 insize=74735 outsize=7338 ok=1
Cmd: compileComputeKernel
  api=18 insize=74735 outsize=6429 ok=1
Cmd: compileComputeKernel
  api=18 insize=74735 outsize=6019 ok=1
Cmd: compileComputeKernel
  api=18 insize=74735 outsize=6956 ok=1
Cmd: compileComputeKernel
  api=18 insize=74735 outsize=7560 ok=1
Cmd: compileComputeKernel
  api=18 insize=74735 outsize=5955 ok=1
Cmd: compileComputeKernel
  api=18 insize=74735 outsize=6220 ok=1
Cmd: compileComputeKernel
  api=18 insize=74735 outsize=8051 ok=1
Cmd: compileComputeKernel
  api=18 insize=74735 outsize=8598 ok=1
Cmd: compileComputeKernel
  api=18 insize=74735 outsize=8125 ok=1
Cmd: compileComputeKernel
  api=18 insize=74735 outsize=8734 ok=1
Cmd: compileComputeKernel
  api=18 insize=74735 outsize=6101 ok=1
Cmd: compileComputeKernel
  api=18 insize=74735 outsize=10150 ok=1
Cmd: compileComputeKernel
  api=18 insize=74735 outsize=6537 ok=1
Cmd: compileComputeKernel
  api=18 insize=74735 outsize=10573 ok=1
Cmd: compileComputeKernel
  api=18 insize=74735 outsize=9719 ok=1
Cmd: compileComputeKernel
  api=15 insize=73293 outsize=12024 ok=1
Cmd: compileComputeKernel
  api=18 insize=73293 outsize=26015 ok=1
Cmd: compileComputeKernel
  api=15 insize=57129 outsize=1824 ok=1
Cmd: compileComputeKernel
  api=15 insize=57129 outsize=1505 ok=1
Cmd: compileComputeKernel
  api=15 insize=57129 outsize=2130 ok=1
Cmd: compileComputeKernel
  api=15 insize=57129 outsize=1723 ok=1
Cmd: compileComputeKernel
  api=15 insize=57129 outsize=1863 ok=1
Cmd: compileComputeKernel
  api=15 insize=57129 outsize=1944 ok=1
Cmd: compileComputeKernel
  api=15 insize=57129 outsize=1995 ok=1
Cmd: compileComputeKernel
  api=15 insize=57129 outsize=2424 ok=1
Cmd: compileComputeKernel
  api=15 insize=57129 outsize=2729 ok=1
Cmd: compileComputeKernel
  api=15 insize=57129 outsize=1777 ok=1
Cmd: compileComputeKernel
  api=15 insize=57129 outsize=1902 ok=1
Cmd: compileComputeKernel
  api=15 insize=57129 outsize=2966 ok=1
Cmd: compileComputeKernel
  api=15 insize=57129 outsize=2626 ok=1
Cmd: compileComputeKernel
  api=15 insize=57129 outsize=3048 ok=1
Cmd: compileComputeKernel
  api=15 insize=57129 outsize=3173 ok=1
Cmd: compileComputeKernel
  api=15 insize=57129 outsize=2960 ok=1
Cmd: compileComputeKernel
  api=15 insize=57129 outsize=2921 ok=1
Cmd: compileComputeKernel
  api=15 insize=57129 outsize=3482 ok=1
Cmd: compileComputeKernel
  api=15 insize=57129 outsize=3401 ok=1
Cmd: compileComputeKernel
  api=15 insize=57129 outsize=3444 ok=1
Cmd: compileComputeKernel
  api=15 insize=57129 outsize=3116 ok=1
Cmd: compileComputeKernel
  api=15 insize=57129 outsize=3109 ok=1
Cmd: compileComputeKernel
  api=15 insize=57129 outsize=2919 ok=1
Cmd: compileComputeKernel
  api=15 insize=57129 outsize=3018 ok=1
Cmd: compileComputeKernel
  api=18 insize=57129 outsize=3173 ok=1
Cmd: compileComputeKernel
  api=18 insize=57129 outsize=3200 ok=1
Cmd: compileComputeKernel
  api=18 insize=57129 outsize=3809 ok=1
Cmd: compileComputeKernel
  api=18 insize=57129 outsize=2671 ok=1
Cmd: compileComputeKernel
  api=18 insize=57129 outsize=3914 ok=1
Cmd: compileComputeKernel
  api=18 insize=57129 outsize=2397 ok=1
Cmd: compileComputeKernel
  api=18 insize=57129 outsize=3646 ok=1
Cmd: compileComputeKernel
  api=18 insize=57129 outsize=4122 ok=1
Cmd: compileComputeKernel
  api=18 insize=57129 outsize=2847 ok=1
Cmd: compileComputeKernel
  api=18 insize=57129 outsize=3181 ok=1
Cmd: compileComputeKernel
  api=18 insize=57129 outsize=3424 ok=1
Cmd: compileComputeKernel
  api=18 insize=57129 outsize=4766 ok=1
Cmd: compileComputeKernel
  api=18 insize=57129 outsize=5710 ok=1
Cmd: compileComputeKernel
  api=18 insize=57129 outsize=6028 ok=1
Cmd: compileComputeKernel
  api=18 insize=57129 outsize=5595 ok=1
Cmd: compileComputeKernel
  api=18 insize=57129 outsize=5619 ok=1
Cmd: compileComputeKernel
  api=18 insize=57129 outsize=5648 ok=1
Cmd: compileComputeKernel
  api=18 insize=57129 outsize=5806 ok=1
Cmd: compileComputeKernel
  api=18 insize=57129 outsize=5824 ok=1
Cmd: compileComputeKernel
  api=18 insize=57129 outsize=5898 ok=1
Cmd: compileComputeKernel
  api=18 insize=57129 outsize=5930 ok=1
Cmd: compileComputeKernel
  api=18 insize=57129 outsize=5906 ok=1
Cmd: compileComputeKernel
  api=18 insize=57129 outsize=6045 ok=1
Cmd: compileComputeKernel
  api=18 insize=57129 outsize=6061 ok=1
Cmd: compileComputeKernel
  api=15 insize=79371 outsize=6185 ok=1
Cmd: compileComputeKernel
  api=15 insize=79371 outsize=20206 ok=1
Cmd: compileComputeKernel
  api=15 insize=79371 outsize=52837 ok=1
Cmd: compileComputeKernel
  api=15 insize=79371 outsize=8285 ok=1
Cmd: compileComputeKernel
  api=15 insize=79371 outsize=10364 ok=1
Cmd: compileComputeKernel
  api=15 insize=79371 outsize=24884 ok=1
Cmd: compileComputeKernel
  api=18 insize=79371 outsize=37765 ok=1
Cmd: compileComputeKernel
  api=18 insize=79371 outsize=97369 ok=1
Cmd: compileComputeKernel
  api=18 insize=79371 outsize=12024 ok=1
Cmd: compileComputeKernel
  api=18 insize=79371 outsize=15213 ok=1
Cmd: compileComputeKernel
  api=18 insize=79371 outsize=8505 ok=1
Cmd: compileComputeKernel
  api=18 insize=79371 outsize=56972 ok=1
Cmd: compileComputeKernel
  api=15 insize=4442 outsize=3807 ok=1
Cmd: compileComputeKernel
  api=18 insize=4442 outsize=5841 ok=1

Quitting shader compiler process
