Base path: '/home/kist/Unity/Hub/Editor/2019.4.1f1/Editor/Data', plugins path '/home/kist/Unity/Hub/Editor/2019.4.1f1/Editor/Data/PlaybackEngines'
Cmd: initializeCompiler
Cmd: initializeCompiler
Cmd: preprocessCompute
  insize=12873 outsize=12919 ok=1
Cmd: compileComputeKernel
  api=15 insize=12919 outsize=3548 ok=1
Cmd: compileComputeKernel
  api=15 insize=12919 outsize=3880 ok=1
Cmd: compileComputeKernel
  api=15 insize=12919 outsize=3929 ok=1
Cmd: compileComputeKernel
  api=15 insize=12919 outsize=5016 ok=1
Cmd: compileComputeKernel
  api=18 insize=12919 outsize=6650 ok=1
Cmd: compileComputeKernel
  api=18 insize=12919 outsize=7544 ok=1
Cmd: compileComputeKernel
  api=18 insize=12919 outsize=9574 ok=1
Cmd: preprocessCompute
  insize=11921 outsize=11985 ok=1
Cmd: compileComputeKernel
  api=15 insize=11985 outsize=3326 ok=1
Cmd: compileComputeKernel
  api=15 insize=11985 outsize=3509 ok=1
Cmd: compileComputeKernel
  api=15 insize=11985 outsize=3370 ok=1
Cmd: compileComputeKernel
  api=15 insize=11985 outsize=3589 ok=1
Cmd: compileComputeKernel
  api=18 insize=11985 outsize=6269 ok=1
Cmd: compileComputeKernel
  api=18 insize=11985 outsize=6800 ok=1
Cmd: compileComputeKernel
  api=18 insize=11985 outsize=6343 ok=1
Cmd: compileComputeKernel
  api=18 insize=11985 outsize=6408 ok=1
Cmd: preprocessCompute
  insize=16981 outsize=17013 ok=1
Cmd: compileComputeKernel
  api=15 insize=17013 outsize=4882 ok=1
Cmd: compileComputeKernel
  api=15 insize=17013 outsize=12796 ok=1
Cmd: compileComputeKernel
  api=18 insize=17013 outsize=13879 ok=1
Cmd: compileComputeKernel
  api=18 insize=17013 outsize=21193 ok=1
Cmd: preprocessCompute
  insize=74375 outsize=74735 ok=1
Cmd: compileComputeKernel
  api=15 insize=74735 outsize=6214 ok=1
Cmd: compileComputeKernel
  api=15 insize=74735 outsize=3691 ok=1
Cmd: compileComputeKernel
  api=15 insize=74735 outsize=3358 ok=1
Cmd: compileComputeKernel
  api=15 insize=74735 outsize=4927 ok=1
Cmd: compileComputeKernel
  api=15 insize=74735 outsize=6899 ok=1
Cmd: compileComputeKernel
  api=15 insize=74735 outsize=3090 ok=1
Cmd: compileComputeKernel
  api=15 insize=74735 outsize=3105 ok=1
Cmd: compileComputeKernel
  api=15 insize=74735 outsize=3429 ok=1
Cmd: compileComputeKernel
  api=15 insize=74735 outsize=3186 ok=1
Cmd: compileComputeKernel
  api=15 insize=74735 outsize=3132 ok=1
Cmd: compileComputeKernel
  api=15 insize=74735 outsize=3263 ok=1
Cmd: compileComputeKernel
  api=15 insize=74735 outsize=3255 ok=1
Cmd: compileComputeKernel
  api=15 insize=74735 outsize=3257 ok=1
Cmd: compileComputeKernel
  api=15 insize=74735 outsize=3877 ok=1
Cmd: compileComputeKernel
  api=15 insize=74735 outsize=4280 ok=1
Cmd: compileComputeKernel
  api=15 insize=74735 outsize=4461 ok=1
Cmd: compileComputeKernel
  api=15 insize=74735 outsize=4327 ok=1
Cmd: compileComputeKernel
  api=15 insize=74735 outsize=4571 ok=1
Cmd: compileComputeKernel
  api=15 insize=74735 outsize=3129 ok=1
Cmd: compileComputeKernel
  api=15 insize=74735 outsize=7173 ok=1
Cmd: compileComputeKernel
  api=15 insize=74735 outsize=3887 ok=1
Cmd: compileComputeKernel
  api=15 insize=74735 outsize=2379 ok=1
Cmd: compileComputeKernel
  api=18 insize=74735 outsize=12771 ok=1
Cmd: compileComputeKernel
  api=18 insize=74735 outsize=7250 ok=1
Cmd: compileComputeKernel
  api=18 insize=74735 outsize=6761 ok=1
Cmd: compileComputeKernel
  api=18 insize=74735 outsize=9185 ok=1
Cmd: compileComputeKernel
  api=18 insize=74735 outsize=7373 ok=1
Cmd: compileComputeKernel
  api=18 insize=74735 outsize=6056 ok=1
Cmd: compileComputeKernel
  api=18 insize=74735 outsize=5974 ok=1
Cmd: compileComputeKernel
  api=18 insize=74735 outsize=6568 ok=1
Cmd: compileComputeKernel
  api=18 insize=74735 outsize=6159 ok=1
Cmd: compileComputeKernel
  api=18 insize=74735 outsize=6019 ok=1
Cmd: compileComputeKernel
  api=18 insize=74735 outsize=6269 ok=1
Cmd: compileComputeKernel
  api=18 insize=74735 outsize=6245 ok=1
Cmd: compileComputeKernel
  api=18 insize=74735 outsize=6308 ok=1
Cmd: compileComputeKernel
  api=18 insize=74735 outsize=7448 ok=1
Cmd: compileComputeKernel
  api=18 insize=74735 outsize=8051 ok=1
Cmd: compileComputeKernel
  api=18 insize=74735 outsize=8598 ok=1
Cmd: compileComputeKernel
  api=18 insize=74735 outsize=8125 ok=1
Cmd: compileComputeKernel
  api=18 insize=74735 outsize=8750 ok=1
Cmd: compileComputeKernel
  api=18 insize=74735 outsize=5877 ok=1
Cmd: compileComputeKernel
  api=18 insize=74735 outsize=15408 ok=1
Cmd: compileComputeKernel
  api=18 insize=74735 outsize=8000 ok=1
Cmd: compileComputeKernel
  api=18 insize=74735 outsize=12134 ok=1
Cmd: preprocessCompute
  insize=73275 outsize=73293 ok=1
Cmd: compileComputeKernel
  api=15 insize=73293 outsize=6305 ok=1
Cmd: compileComputeKernel
  api=18 insize=73293 outsize=11988 ok=1
Cmd: compileComputeKernel
  api=18 insize=73293 outsize=21207 ok=1
Cmd: preprocessCompute
  insize=56739 outsize=57129 ok=1
Cmd: compileComputeKernel
  api=15 insize=57129 outsize=1502 ok=1
Cmd: compileComputeKernel
  api=15 insize=57129 outsize=1964 ok=1
Cmd: compileComputeKernel
  api=15 insize=57129 outsize=2274 ok=1
Cmd: compileComputeKernel
  api=15 insize=57129 outsize=2071 ok=1
Cmd: compileComputeKernel
  api=15 insize=57129 outsize=2038 ok=1
Cmd: compileComputeKernel
  api=15 insize=57129 outsize=1828 ok=1
Cmd: compileComputeKernel
  api=15 insize=57129 outsize=1871 ok=1
Cmd: compileComputeKernel
  api=15 insize=57129 outsize=1983 ok=1
Cmd: compileComputeKernel
  api=15 insize=57129 outsize=2467 ok=1
Cmd: compileComputeKernel
  api=15 insize=57129 outsize=2107 ok=1
Cmd: compileComputeKernel
  api=15 insize=57129 outsize=1499 ok=1
Cmd: compileComputeKernel
  api=15 insize=57129 outsize=2490 ok=1
Cmd: compileComputeKernel
  api=15 insize=57129 outsize=3047 ok=1
Cmd: compileComputeKernel
  api=15 insize=57129 outsize=3264 ok=1
Cmd: compileComputeKernel
  api=15 insize=57129 outsize=3077 ok=1
Cmd: compileComputeKernel
  api=15 insize=57129 outsize=3194 ok=1
Cmd: compileComputeKernel
  api=15 insize=57129 outsize=2997 ok=1
Cmd: compileComputeKernel
  api=15 insize=57129 outsize=2962 ok=1
Cmd: compileComputeKernel
  api=15 insize=57129 outsize=3481 ok=1
Cmd: compileComputeKernel
  api=15 insize=57129 outsize=3421 ok=1
Cmd: compileComputeKernel
  api=15 insize=57129 outsize=3460 ok=1
Cmd: compileComputeKernel
  api=15 insize=57129 outsize=3711 ok=1
Cmd: compileComputeKernel
  api=15 insize=57129 outsize=2960 ok=1
Cmd: compileComputeKernel
  api=15 insize=57129 outsize=2960 ok=1
Cmd: compileComputeKernel
  api=15 insize=57129 outsize=3036 ok=1
Cmd: compileComputeKernel
  api=18 insize=57129 outsize=3425 ok=1
Cmd: compileComputeKernel
  api=18 insize=57129 outsize=2310 ok=1
Cmd: compileComputeKernel
  api=18 insize=57129 outsize=3794 ok=1
Cmd: compileComputeKernel
  api=18 insize=57129 outsize=3604 ok=1
Cmd: compileComputeKernel
  api=18 insize=57129 outsize=2397 ok=1
Cmd: compileComputeKernel
  api=18 insize=57129 outsize=3403 ok=1
Cmd: compileComputeKernel
  api=18 insize=57129 outsize=3421 ok=1
Cmd: compileComputeKernel
  api=18 insize=57129 outsize=4425 ok=1
Cmd: compileComputeKernel
  api=18 insize=57129 outsize=5262 ok=1
Cmd: compileComputeKernel
  api=18 insize=57129 outsize=2806 ok=1
Cmd: compileComputeKernel
  api=18 insize=57129 outsize=3733 ok=1
Cmd: compileComputeKernel
  api=18 insize=57129 outsize=5605 ok=1
Cmd: compileComputeKernel
  api=18 insize=57129 outsize=6043 ok=1
Cmd: compileComputeKernel
  api=18 insize=57129 outsize=5641 ok=1
Cmd: compileComputeKernel
  api=18 insize=57129 outsize=5796 ok=1
Cmd: compileComputeKernel
  api=18 insize=57129 outsize=5820 ok=1
Cmd: compileComputeKernel
  api=18 insize=57129 outsize=5680 ok=1
Cmd: compileComputeKernel
  api=18 insize=57129 outsize=5838 ok=1
Cmd: compileComputeKernel
  api=18 insize=57129 outsize=5856 ok=1
Cmd: compileComputeKernel
  api=18 insize=57129 outsize=5930 ok=1
Cmd: compileComputeKernel
  api=18 insize=57129 outsize=5898 ok=1
Cmd: compileComputeKernel
  api=18 insize=57129 outsize=5874 ok=1
Cmd: compileComputeKernel
  api=18 insize=57129 outsize=5937 ok=1
Cmd: compileComputeKernel
  api=18 insize=57129 outsize=5953 ok=1
Cmd: preprocessCompute
  insize=79307 outsize=79371 ok=1
Cmd: compileComputeKernel
  api=15 insize=79371 outsize=17141 ok=1
Cmd: compileComputeKernel
  api=15 insize=79371 outsize=58209 ok=1
Cmd: compileComputeKernel
  api=18 insize=79371 outsize=30992 ok=1
Cmd: compileComputeKernel
  api=18 insize=79371 outsize=36741 ok=1
Cmd: compileComputeKernel
  api=18 insize=79371 outsize=80242 ok=1
Cmd: compileComputeKernel
  api=18 insize=79371 outsize=16672 ok=1
Cmd: compileComputeKernel
  api=18 insize=79371 outsize=17196 ok=1
Cmd: compileComputeKernel
  api=18 insize=79371 outsize=12088 ok=1
Cmd: compileComputeKernel
  api=18 insize=79371 outsize=15113 ok=1
Cmd: preprocessCompute
  insize=4426 outsize=4442 ok=1
Cmd: compileComputeKernel
  api=15 insize=4442 outsize=3358 ok=1
Cmd: compileComputeKernel
  api=18 insize=4442 outsize=7990 ok=1
Cmd: preprocessCompute
  insize=1896 outsize=1900 ok=1
Cmd: compileComputeKernel
  api=15 insize=1900 outsize=6780 ok=1
