Base path: '/home/kist/unity/2019.4.15f1/Editor/Data', plugins path '/home/kist/unity/2019.4.15f1/Editor/Data/PlaybackEngines'
Cmd: initializeCompiler
Cmd: initializeCompiler
Cmd: compileComputeKernel
  api=15 insize=12919 outsize=4122 ok=1
Cmd: compileComputeKernel
  api=15 insize=12919 outsize=4465 ok=1
Cmd: compileComputeKernel
  api=18 insize=12919 outsize=6563 ok=1
Cmd: compileComputeKernel
  api=15 insize=11985 outsize=3323 ok=1
Cmd: compileComputeKernel
  api=15 insize=11985 outsize=3370 ok=1
Cmd: compileComputeKernel
  api=18 insize=11985 outsize=6277 ok=1
Cmd: compileComputeKernel
  api=18 insize=11985 outsize=6343 ok=1
Cmd: compileComputeKernel
  api=18 insize=11985 outsize=7000 ok=1
Cmd: compileComputeKernel
  api=15 insize=17013 outsize=12428 ok=1
Cmd: compileComputeKernel
  api=18 insize=17013 outsize=23125 ok=1
Cmd: compileComputeKernel
  api=15 insize=74735 outsize=5135 ok=1
Cmd: compileComputeKernel
  api=15 insize=74735 outsize=3396 ok=1
Cmd: compileComputeKernel
  api=15 insize=74735 outsize=3525 ok=1
Cmd: compileComputeKernel
  api=15 insize=74735 outsize=3539 ok=1
Cmd: compileComputeKernel
  api=15 insize=74735 outsize=3090 ok=1
Cmd: compileComputeKernel
  api=15 insize=74735 outsize=3186 ok=1
Cmd: compileComputeKernel
  api=15 insize=74735 outsize=3131 ok=1
Cmd: compileComputeKernel
  api=15 insize=74735 outsize=3831 ok=1
Cmd: compileComputeKernel
  api=15 insize=74735 outsize=4324 ok=1
Cmd: compileComputeKernel
  api=15 insize=74735 outsize=4571 ok=1
Cmd: compileComputeKernel
  api=15 insize=74735 outsize=3259 ok=1
Cmd: compileComputeKernel
  api=15 insize=74735 outsize=3247 ok=1
Cmd: compileComputeKernel
  api=18 insize=74735 outsize=6959 ok=1
Cmd: compileComputeKernel
  api=18 insize=74735 outsize=6797 ok=1
Cmd: compileComputeKernel
  api=18 insize=74735 outsize=7307 ok=1
Cmd: compileComputeKernel
  api=18 insize=74735 outsize=5955 ok=1
Cmd: compileComputeKernel
  api=18 insize=74735 outsize=6181 ok=1
Cmd: compileComputeKernel
  api=18 insize=74735 outsize=6019 ok=1
Cmd: compileComputeKernel
  api=18 insize=74735 outsize=7605 ok=1
Cmd: compileComputeKernel
  api=18 insize=74735 outsize=7560 ok=1
Cmd: compileComputeKernel
  api=18 insize=74735 outsize=9491 ok=1
Cmd: compileComputeKernel
  api=18 insize=74735 outsize=8123 ok=1
Cmd: compileComputeKernel
  api=18 insize=74735 outsize=8734 ok=1
Cmd: compileComputeKernel
  api=18 insize=74735 outsize=10573 ok=1
Cmd: compileComputeKernel
  api=18 insize=73293 outsize=11988 ok=1
Cmd: compileComputeKernel
  api=15 insize=57129 outsize=1495 ok=1
Cmd: compileComputeKernel
  api=15 insize=57129 outsize=1943 ok=1
Cmd: compileComputeKernel
  api=15 insize=57129 outsize=2013 ok=1
Cmd: compileComputeKernel
  api=15 insize=57129 outsize=2729 ok=1
Cmd: compileComputeKernel
  api=15 insize=57129 outsize=1499 ok=1
Cmd: compileComputeKernel
  api=15 insize=57129 outsize=2658 ok=1
Cmd: compileComputeKernel
  api=15 insize=57129 outsize=3045 ok=1
Cmd: compileComputeKernel
  api=15 insize=57129 outsize=3044 ok=1
Cmd: compileComputeKernel
  api=15 insize=57129 outsize=3104 ok=1
Cmd: compileComputeKernel
  api=15 insize=57129 outsize=3091 ok=1
Cmd: compileComputeKernel
  api=15 insize=57129 outsize=3745 ok=1
Cmd: compileComputeKernel
  api=15 insize=57129 outsize=3007 ok=1
Cmd: compileComputeKernel
  api=18 insize=57129 outsize=3416 ok=1
Cmd: compileComputeKernel
  api=18 insize=57129 outsize=3275 ok=1
Cmd: compileComputeKernel
  api=18 insize=57129 outsize=3650 ok=1
Cmd: compileComputeKernel
  api=18 insize=57129 outsize=4425 ok=1
Cmd: compileComputeKernel
  api=18 insize=57129 outsize=2847 ok=1
Cmd: compileComputeKernel
  api=18 insize=57129 outsize=3181 ok=1
Cmd: compileComputeKernel
  api=18 insize=57129 outsize=4733 ok=1
Cmd: compileComputeKernel
  api=18 insize=57129 outsize=5810 ok=1
Cmd: compileComputeKernel
  api=18 insize=57129 outsize=5820 ok=1
Cmd: compileComputeKernel
  api=18 insize=57129 outsize=6416 ok=1
Cmd: compileComputeKernel
  api=18 insize=57129 outsize=5729 ok=1
Cmd: compileComputeKernel
  api=18 insize=57129 outsize=5705 ok=1
Cmd: compileComputeKernel
  api=15 insize=79371 outsize=58209 ok=1
Cmd: compileComputeKernel
  api=15 insize=4442 outsize=3807 ok=1

Quitting shader compiler process
